<?xml version="1.0" encoding="UTF-8"?>
<!-- Generated by org.testng.reporters.JUnitReportReporter -->
<testsuite hostname="DESKTOP-MRVJBNT" failures="0" tests="3" name="com.menumitratCommonAPITestScript.CheckVersionTestScript" time="0.161" errors="0" timestamp="8 Jun 2025 13:12:43 GMT">
  <testcase classname="com.menumitratCommonAPITestScript.CheckVersionTestScript" name="checkVersionNegativeTest" time="0.070"/>
  <testcase classname="com.menumitratCommonAPITestScript.CheckVersionTestScript" name="checkVersionTest" time="0.037"/>
  <testcase classname="com.menumitratCommonAPITestScript.CheckVersionTestScript" name="checkVersionNegativeTest" time="0.054"/>
</testsuite> <!-- com.menumitratCommonAPITestScript.CheckVersionTestScript -->
