<?xml version="1.0" encoding="UTF-8"?>
<!-- Generated by org.testng.reporters.JUnitReportReporter -->
<testsuite hostname="DESKTOP-MRVJBNT" failures="0" tests="1" name="com.menumitratCommonAPITestScript.GetFoodTypeList" time="0.060" errors="0" timestamp="8 Jun 2025 13:12:43 GMT">
  <testcase classname="com.menumitratCommonAPITestScript.GetFoodTypeList" name="verifyFoodTypeList" time="0.060"/>
</testsuite> <!-- com.menumitratCommonAPITestScript.GetFoodTypeList -->
