<?xml version="1.0" encoding="UTF-8"?>
<!-- Generated by org.testng.reporters.JUnitReportReporter -->
<testsuite hostname="DESKTOP-MRVJBNT" failures="0" tests="5" name="com.menumitratCommonAPITestScript.verifyOTPTestScript" time="0.326" errors="0" timestamp="8 Jun 2025 13:12:43 GMT">
  <testcase classname="com.menumitratCommonAPITestScript.verifyOTPTestScript" name="verifyOTPusingInvalidData" time="0.070"/>
  <testcase classname="com.menumitratCommonAPITestScript.verifyOTPTestScript" name="verifyOTPusingInvalidData" time="0.062"/>
  <testcase classname="com.menumitratCommonAPITestScript.verifyOTPTestScript" name="verifyOTPusingInvalidData" time="0.057"/>
  <testcase classname="com.menumitratCommonAPITestScript.verifyOTPTestScript" name="verifyOTPAPiUsingValidInputData" time="0.065"/>
  <testcase classname="com.menumitratCommonAPITestScript.verifyOTPTestScript" name="verifyOTPusingInvalidData" time="0.072"/>
</testsuite> <!-- com.menumitratCommonAPITestScript.verifyOTPTestScript -->
