<?xml version="1.0" encoding="UTF-8"?>
<!-- Generated by org.testng.reporters.JUnitReportReporter -->
<testsuite hostname="DESKTOP-MRVJBNT" failures="0" tests="3" name="com.menumitratCommonAPITestScript.CheckTableIsReservedTestScript" time="0.212" errors="0" timestamp="8 Jun 2025 13:12:43 GMT">
  <testcase classname="com.menumitratCommonAPITestScript.CheckTableIsReservedTestScript" name="checkTableIsReservedNegativeTest" time="0.077"/>
  <testcase classname="com.menumitratCommonAPITestScript.CheckTableIsReservedTestScript" name="checkTableIsReservedNegativeTest" time="0.063"/>
  <testcase classname="com.menumitratCommonAPITestScript.CheckTableIsReservedTestScript" name="checkIfTableIsReserved" time="0.072"/>
</testsuite> <!-- com.menumitratCommonAPITestScript.CheckTableIsReservedTestScript -->
