<?xml version="1.0" encoding="UTF-8"?>
<!-- Generated by org.testng.reporters.JUnitReportReporter -->
<testsuite hostname="DESKTOP-MRVJBNT" failures="0" tests="1" name="com.menumitratCommonAPITestScript.OutletTypeTestScript" time="0.049" errors="0" timestamp="8 Jun 2025 13:12:43 GMT">
  <testcase classname="com.menumitratCommonAPITestScript.OutletTypeTestScript" name="verifyOutletType" time="0.049"/>
</testsuite> <!-- com.menumitratCommonAPITestScript.OutletTypeTestScript -->
