<?xml version="1.0" encoding="UTF-8"?>
<!-- Generated by org.testng.reporters.JUnitReportReporter -->
<testsuite hostname="DESKTOP-MRVJBNT" failures="0" tests="6" name="com.menumitratCommonAPITestScript.StaffCreateTestScript" time="0.395" errors="0" timestamp="8 Jun 2025 13:12:43 GMT">
  <testcase classname="com.menumitratCommonAPITestScript.StaffCreateTestScript" name="createStaff" time="0.052"/>
  <testcase classname="com.menumitratCommonAPITestScript.StaffCreateTestScript" name="verifyStaffCreateNegativeCases" time="0.086"/>
  <testcase classname="com.menumitratCommonAPITestScript.StaffCreateTestScript" name="verifyStaffCreateNegativeCases" time="0.056"/>
  <testcase classname="com.menumitratCommonAPITestScript.StaffCreateTestScript" name="verifyStaffCreateNegativeCases" time="0.070"/>
  <testcase classname="com.menumitratCommonAPITestScript.StaffCreateTestScript" name="verifyStaffCreateNegativeCases" time="0.058"/>
  <testcase classname="com.menumitratCommonAPITestScript.StaffCreateTestScript" name="verifyStaffCreateNegativeCases" time="0.073"/>
</testsuite> <!-- com.menumitratCommonAPITestScript.StaffCreateTestScript -->
