<?xml version="1.0" encoding="UTF-8"?>
<!-- Generated by org.testng.reporters.JUnitReportReporter -->
<testsuite hostname="DESKTOP-MRVJBNT" failures="0" tests="1" name="com.menumitratCommonAPITestScript.WareHouseCreateTestScript" time="0.136" errors="0" timestamp="9 Jun 2025 11:07:19 GMT">
  <testcase classname="com.menumitratCommonAPITestScript.WareHouseCreateTestScript" name="wareHouseCreateTest" time="0.136"/>
</testsuite> <!-- com.menumitratCommonAPITestScript.WareHouseCreateTestScript -->
