<?xml version="1.0" encoding="UTF-8"?>
<!-- Generated by org.testng.reporters.JUnitReportReporter -->
<testsuite hostname="DESKTOP-MRVJBNT" failures="0" tests="3" name="com.menumitratCommonAPITestScript.OrderViewTestScript" time="0.267" errors="0" timestamp="8 Jun 2025 13:12:43 GMT">
  <testcase classname="com.menumitratCommonAPITestScript.OrderViewTestScript" name="orderViewTest" time="0.108"/>
  <testcase classname="com.menumitratCommonAPITestScript.OrderViewTestScript" name="orderViewNegativeTest" time="0.067"/>
  <testcase classname="com.menumitratCommonAPITestScript.OrderViewTestScript" name="orderViewNegativeTest" time="0.092"/>
</testsuite> <!-- com.menumitratCommonAPITestScript.OrderViewTestScript -->
