<?xml version="1.0" encoding="UTF-8"?>
<!-- Generated by org.testng.reporters.JUnitReportReporter -->
<testsuite hostname="DESKTOP-MRVJBNT" failures="0" tests="1" name="com.menumitratCommonAPITestScript.sectionListViewTestScript" time="0.996" errors="0" timestamp="9 Jun 2025 13:38:43 GMT">
  <testcase classname="com.menumitratCommonAPITestScript.sectionListViewTestScript" name="verifySectionListViewUsingValidInputData" time="0.996"/>
</testsuite> <!-- com.menumitratCommonAPITestScript.sectionListViewTestScript -->
