<?xml version="1.0" encoding="UTF-8"?>
<!-- Generated by org.testng.reporters.JUnitReportReporter -->
<testsuite hostname="DESKTOP-MRVJBNT" failures="0" tests="1" name="com.menumitratCommonAPITestScript.InventoryCreateTestScript" time="0.058" errors="0" timestamp="12 Jun 2025 06:25:33 GMT">
  <testcase classname="com.menumitratCommonAPITestScript.InventoryCreateTestScript" name="createInventory" time="0.058"/>
</testsuite> <!-- com.menumitratCommonAPITestScript.InventoryCreateTestScript -->
