<?xml version="1.0" encoding="UTF-8"?>
<!-- Generated by org.testng.reporters.JUnitReportReporter -->
<testsuite hostname="DESKTOP-MRVJBNT" failures="0" tests="1" name="com.menumitratCommonAPITestScript.UbacFunctionalityGetListTesScript" time="0.100" errors="0" timestamp="10 Jun 2025 12:35:07 GMT">
  <testcase classname="com.menumitratCommonAPITestScript.UbacFunctionalityGetListTesScript" name="ubacGetListTest" time="0.100"/>
</testsuite> <!-- com.menumitratCommonAPITestScript.UbacFunctionalityGetListTesScript -->
