<?xml version="1.0" encoding="UTF-8"?>
<!-- Generated by org.testng.reporters.JUnitReportReporter -->
<testsuite hostname="DESKTOP-MRVJBNT" failures="0" tests="1" name="com.menumitratCommonAPITestScript.StaffDeleteTestScript" time="0.082" errors="0" timestamp="8 Jun 2025 13:12:43 GMT">
  <testcase classname="com.menumitratCommonAPITestScript.StaffDeleteTestScript" name="staffDeleteNegativeTest" time="0.082"/>
</testsuite> <!-- com.menumitratCommonAPITestScript.StaffDeleteTestScript -->
