<?xml version="1.0" encoding="UTF-8"?>
<!-- Generated by org.testng.reporters.JUnitReportReporter -->
<testsuite hostname="DESKTOP-MRVJBNT" failures="0" tests="2" name="com.menumitratCommonAPITestScript.OrderListViewCdskdsTestScript" time="0.191" errors="0" timestamp="8 Jun 2025 13:12:43 GMT">
  <testcase classname="com.menumitratCommonAPITestScript.OrderListViewCdskdsTestScript" name="orderListViewCdskdsNegativeTest" time="0.079"/>
  <testcase classname="com.menumitratCommonAPITestScript.OrderListViewCdskdsTestScript" name="orderListViewCdskdsTest" time="0.112"/>
</testsuite> <!-- com.menumitratCommonAPITestScript.OrderListViewCdskdsTestScript -->
