<?xml version="1.0" encoding="UTF-8"?>
<!-- Generated by org.testng.reporters.JUnitReportReporter -->
<testsuite hostname="DESKTOP-MRVJBNT" failures="0" tests="1" name="com.menumitratCommonAPITestScript.sectionCreateTestScript" time="0.114" errors="0" timestamp="9 Jun 2025 13:38:43 GMT">
  <testcase classname="com.menumitratCommonAPITestScript.sectionCreateTestScript" name="verifySectionUsingValidInputData" time="0.114"/>
</testsuite> <!-- com.menumitratCommonAPITestScript.sectionCreateTestScript -->
