<?xml version="1.0" encoding="UTF-8"?>
<!-- Generated by org.testng.reporters.JUnitReportReporter -->
<testsuite hostname="DESKTOP-MRVJBNT" failures="0" tests="1" name="com.menumitratCommonAPITestScript.WaiterListViewTestScript" time="0.090" errors="0" timestamp="10 Jun 2025 12:41:28 GMT">
  <testcase classname="com.menumitratCommonAPITestScript.WaiterListViewTestScript" name="waiterListViewTest" time="0.090"/>
</testsuite> <!-- com.menumitratCommonAPITestScript.WaiterListViewTestScript -->
