<?xml version="1.0" encoding="UTF-8"?>
<!-- Generated by org.testng.reporters.JUnitReportReporter -->
<testsuite hostname="DESKTOP-MRVJBNT" failures="0" tests="1" name="com.menumitratCommonAPITestScript.InventoryCreateTestScript" time="0.175" errors="0" timestamp="12 Jun 2025 05:48:24 GMT">
  <testcase classname="com.menumitratCommonAPITestScript.InventoryCreateTestScript" name="createInventory" time="0.175"/>
</testsuite> <!-- com.menumitratCommonAPITestScript.InventoryCreateTestScript -->
