<?xml version="1.0" encoding="UTF-8"?>
<!-- Generated by org.testng.reporters.JUnitReportReporter -->
<testsuite hostname="DESKTOP-MRVJBNT" failures="0" tests="1" name="com.menumitratCommonAPITestScript.ChefViewTestScript" time="0.077" errors="0" timestamp="10 Jun 2025 05:01:47 GMT">
  <testcase classname="com.menumitratCommonAPITestScript.ChefViewTestScript" name="chefViewTest" time="0.077"/>
</testsuite> <!-- com.menumitratCommonAPITestScript.ChefViewTestScript -->
