<?xml version="1.0" encoding="UTF-8"?>
<!-- Generated by org.testng.reporters.JUnitReportReporter -->
<testsuite hostname="DESKTOP-MRVJBNT" failures="0" tests="1" name="com.menumitratCommonAPITestScript.ChefUpdateTestScript" time="0.113" errors="0" timestamp="10 Jun 2025 12:41:28 GMT">
  <testcase classname="com.menumitratCommonAPITestScript.ChefUpdateTestScript" name="updateChef" time="0.113"/>
</testsuite> <!-- com.menumitratCommonAPITestScript.ChefUpdateTestScript -->
