<?xml version="1.0" encoding="UTF-8"?>
<!-- Generated by org.testng.reporters.JUnitReportReporter -->
<testsuite hostname="DESKTOP-MRVJBNT" failures="0" tests="1" name="com.menumitratCommonAPITestScript.ChefViewTestScript" time="0.067" errors="0" timestamp="9 Jun 2025 08:02:20 GMT">
  <testcase classname="com.menumitratCommonAPITestScript.ChefViewTestScript" name="chefViewTest" time="0.067"/>
</testsuite> <!-- com.menumitratCommonAPITestScript.ChefViewTestScript -->
