<?xml version="1.0" encoding="UTF-8"?>
<!-- Generated by org.testng.reporters.JUnitReportReporter -->
<testsuite hostname="DESKTOP-MRVJBNT" failures="0" tests="1" name="com.menumitratCommonAPITestScript.ChefListViewTestScript" time="0.108" errors="0" timestamp="10 Jun 2025 05:01:47 GMT">
  <testcase classname="com.menumitratCommonAPITestScript.ChefListViewTestScript" name="chefListViewTest" time="0.108"/>
</testsuite> <!-- com.menumitratCommonAPITestScript.ChefListViewTestScript -->
