<?xml version="1.0" encoding="UTF-8"?>
<!-- Generated by org.testng.reporters.JUnitReportReporter -->
<testsuite hostname="DESKTOP-MRVJBNT" failures="0" tests="1" name="com.menumitratCommonAPITestScript.UdhariLedgerViewTestScript" time="0.057" errors="0" timestamp="11 Jun 2025 13:44:08 GMT">
  <testcase classname="com.menumitratCommonAPITestScript.UdhariLedgerViewTestScript" name="udhariLedgerViewTest" time="0.057"/>
</testsuite> <!-- com.menumitratCommonAPITestScript.UdhariLedgerViewTestScript -->
