<?xml version="1.0" encoding="UTF-8"?>
<!-- Generated by org.testng.reporters.JUnitReportReporter -->
<testsuite hostname="DESKTOP-MRVJBNT" failures="0" tests="1" name="com.menumitratCommonAPITestScript.WaiterListViewTestScript" time="0.194" errors="0" timestamp="10 Jun 2025 07:53:12 GMT">
  <testcase classname="com.menumitratCommonAPITestScript.WaiterListViewTestScript" name="waiterListViewTest" time="0.194"/>
</testsuite> <!-- com.menumitratCommonAPITestScript.WaiterListViewTestScript -->
