<?xml version="1.0" encoding="UTF-8"?>
<!-- Generated by org.testng.reporters.JUnitReportReporter -->
<testsuite hostname="DESKTOP-MRVJBNT" failures="0" tests="1" name="com.menumitratCommonAPITestScript.DefaultUserSettingsTestScript" time="0.057" errors="0" timestamp="8 Jun 2025 13:12:43 GMT">
  <testcase classname="com.menumitratCommonAPITestScript.DefaultUserSettingsTestScript" name="defaultUserSettingsTest" time="0.057"/>
</testsuite> <!-- com.menumitratCommonAPITestScript.DefaultUserSettingsTestScript -->
