<?xml version="1.0" encoding="UTF-8"?>
<!-- Generated by org.testng.reporters.JUnitReportReporter -->
<testsuite hostname="DESKTOP-MRVJBNT" failures="0" tests="2" name="com.menumitratCommonAPITestScript.MenuCategoryUpdateTestScript" time="0.143" errors="0" timestamp="8 Jun 2025 13:12:43 GMT">
  <testcase classname="com.menumitratCommonAPITestScript.MenuCategoryUpdateTestScript" name="menuCategoryUpdateNegativeTest" time="0.066"/>
  <testcase classname="com.menumitratCommonAPITestScript.MenuCategoryUpdateTestScript" name="menuCategoryUpdateNegativeTest" time="0.077"/>
</testsuite> <!-- com.menumitratCommonAPITestScript.MenuCategoryUpdateTestScript -->
