<?xml version="1.0" encoding="UTF-8"?>
<!-- Generated by org.testng.reporters.JUnitReportReporter -->
<testsuite hostname="DESKTOP-MRVJBNT" failures="0" tests="2" name="com.menumitratCommonAPITestScript.ViewTemplatesTestScript" time="0.125" errors="0" timestamp="8 Jun 2025 13:12:43 GMT">
  <testcase classname="com.menumitratCommonAPITestScript.ViewTemplatesTestScript" name="viewTemplatesNegativeTest" time="0.058"/>
  <testcase classname="com.menumitratCommonAPITestScript.ViewTemplatesTestScript" name="viewTemplatesTest" time="0.067"/>
</testsuite> <!-- com.menumitratCommonAPITestScript.ViewTemplatesTestScript -->
