<?xml version="1.0" encoding="UTF-8"?>
<!-- Generated by org.testng.reporters.JUnitReportReporter -->
<testsuite hostname="DESKTOP-MRVJBNT" failures="0" tests="1" name="com.menumitratCommonAPITestScript.CaptainUpdateTestScript" time="0.087" errors="0" timestamp="8 Jun 2025 19:58:00 GMT">
  <testcase classname="com.menumitratCommonAPITestScript.CaptainUpdateTestScript" name="captainUpdateTest" time="0.087"/>
</testsuite> <!-- com.menumitratCommonAPITestScript.CaptainUpdateTestScript -->
