<?xml version="1.0" encoding="UTF-8"?>
<!-- Generated by org.testng.reporters.JUnitReportReporter -->
<testsuite hostname="DESKTOP-MRVJBNT" failures="0" tests="1" name="com.menumitratCommonAPITestScript.TableCreateTestScript" time="0.142" errors="0" timestamp="12 Jun 2025 06:44:10 GMT">
  <testcase classname="com.menumitratCommonAPITestScript.TableCreateTestScript" name="verifyTableCreate" time="0.142"/>
</testsuite> <!-- com.menumitratCommonAPITestScript.TableCreateTestScript -->
