<?xml version="1.0" encoding="UTF-8"?>
<!-- Generated by org.testng.reporters.JUnitReportReporter -->
<testsuite hostname="DESKTOP-MRVJBNT" failures="0" tests="1" name="com.menumitratCommonAPITestScript.ActivityLogTestScript" time="0.250" errors="0" timestamp="10 Jun 2025 10:10:26 GMT">
  <testcase classname="com.menumitratCommonAPITestScript.ActivityLogTestScript" name="activityLogTest" time="0.250"/>
</testsuite> <!-- com.menumitratCommonAPITestScript.ActivityLogTestScript -->
