<?xml version="1.0" encoding="UTF-8"?>
<!-- Generated by org.testng.reporters.JUnitReportReporter -->
<testsuite hostname="DESKTOP-MRVJBNT" failures="0" tests="1" name="com.menumitratCommonAPITestScript.sectionUpdateTestScript" time="0.091" errors="0" timestamp="9 Jun 2025 15:15:00 GMT">
  <testcase classname="com.menumitratCommonAPITestScript.sectionUpdateTestScript" name="verifySectionUpdateUsingValidInputData" time="0.091"/>
</testsuite> <!-- com.menumitratCommonAPITestScript.sectionUpdateTestScript -->
