<?xml version="1.0" encoding="UTF-8"?>
<!-- Generated by org.testng.reporters.JUnitReportReporter -->
<testsuite hostname="DESKTOP-MRVJBNT" failures="0" tests="1" name="com.menumitratCommonAPITestScript.UbacFuctionalityCreateTestScript" time="0.154" errors="0" timestamp="10 Jun 2025 09:46:01 GMT">
  <testcase classname="com.menumitratCommonAPITestScript.UbacFuctionalityCreateTestScript" name="ubacCreateTest" time="0.154"/>
</testsuite> <!-- com.menumitratCommonAPITestScript.UbacFuctionalityCreateTestScript -->
