<?xml version="1.0" encoding="UTF-8"?>
<!-- Generated by org.testng.reporters.JUnitReportReporter -->
<testsuite hostname="DESKTOP-MRVJBNT" failures="0" tests="1" name="com.menumitratCommonAPITestScript.CaptainViewTestScript" time="0.069" errors="0" timestamp="11 Jun 2025 10:00:49 GMT">
  <testcase classname="com.menumitratCommonAPITestScript.CaptainViewTestScript" name="captainViewTest" time="0.069"/>
</testsuite> <!-- com.menumitratCommonAPITestScript.CaptainViewTestScript -->
