<?xml version="1.0" encoding="UTF-8"?>
<!-- Generated by org.testng.reporters.JUnitReportReporter -->
<testsuite hostname="DESKTOP-MRVJBNT" failures="0" tests="1" name="com.menumitratCommonAPITestScript.ActivityLogTestScript" time="0.197" errors="0" timestamp="8 Jun 2025 17:52:53 GMT">
  <testcase classname="com.menumitratCommonAPITestScript.ActivityLogTestScript" name="activityLogTest" time="0.197"/>
</testsuite> <!-- com.menumitratCommonAPITestScript.ActivityLogTestScript -->
