<?xml version="1.0" encoding="UTF-8"?>
<!-- Generated by org.testng.reporters.JUnitReportReporter -->
<testsuite hostname="DESKTOP-MRVJBNT" failures="0" tests="1" name="com.menumitratCommonAPITestScript.TableListViewTestScript" time="0.968" errors="0" timestamp="8 Jun 2025 20:19:26 GMT">
  <testcase classname="com.menumitratCommonAPITestScript.TableListViewTestScript" name="verifyTableListView" time="0.968"/>
</testsuite> <!-- com.menumitratCommonAPITestScript.TableListViewTestScript -->
