<?xml version="1.0" encoding="UTF-8"?>
<!-- Generated by org.testng.reporters.JUnitReportReporter -->
<testsuite hostname="DESKTOP-MRVJBNT" failures="0" tests="1" name="com.menumitratCommonAPITestScript.UdhariLedgerUpdateTestScript" time="0.096" errors="0" timestamp="11 Jun 2025 12:25:25 GMT">
  <testcase classname="com.menumitratCommonAPITestScript.UdhariLedgerUpdateTestScript" name="udhariLedgerUpdateTest" time="0.096"/>
</testsuite> <!-- com.menumitratCommonAPITestScript.UdhariLedgerUpdateTestScript -->
