<?xml version="1.0" encoding="UTF-8"?>
<!-- Generated by org.testng.reporters.JUnitReportReporter -->
<testsuite hostname="DESKTOP-MRVJBNT" failures="0" tests="2" name="com.menumitratCommonAPITestScript.DefaultSettingTestScript" time="0.158" errors="0" timestamp="8 Jun 2025 13:12:43 GMT">
  <testcase classname="com.menumitratCommonAPITestScript.DefaultSettingTestScript" name="defaultSettingsNegativeTest" time="0.061"/>
  <testcase classname="com.menumitratCommonAPITestScript.DefaultSettingTestScript" name="defaultSetting" time="0.097"/>
</testsuite> <!-- com.menumitratCommonAPITestScript.DefaultSettingTestScript -->
