<?xml version="1.0" encoding="UTF-8"?>
<!-- Generated by org.testng.reporters.JUnitReportReporter -->
<testsuite hostname="DESKTOP-MRVJBNT" failures="0" tests="1" name="com.menumitratCommonAPITestScript.UbacFuctionalityViewTestScript" time="0.059" errors="0" timestamp="11 Jun 2025 12:25:25 GMT">
  <testcase classname="com.menumitratCommonAPITestScript.UbacFuctionalityViewTestScript" name="ubacViewTest" time="0.059"/>
</testsuite> <!-- com.menumitratCommonAPITestScript.UbacFuctionalityViewTestScript -->
