<?xml version="1.0" encoding="UTF-8"?>
<!-- Generated by org.testng.reporters.JUnitReportReporter -->
<testsuite hostname="DESKTOP-MRVJBNT" failures="0" tests="1" name="com.menumitratCommonAPITestScript.ChefUpdateTestScript" time="0.140" errors="0" timestamp="9 Jun 2025 13:38:43 GMT">
  <testcase classname="com.menumitratCommonAPITestScript.ChefUpdateTestScript" name="updateChef" time="0.140"/>
</testsuite> <!-- com.menumitratCommonAPITestScript.ChefUpdateTestScript -->
