<?xml version="1.0" encoding="UTF-8"?>
<!-- Generated by org.testng.reporters.JUnitReportReporter -->
<testsuite hostname="DESKTOP-MRVJBNT" failures="0" tests="1" name="com.menumitratCommonAPITestScript.WaiterListViewTestScript" time="0.058" errors="0" timestamp="12 Jun 2025 07:04:41 GMT">
  <testcase classname="com.menumitratCommonAPITestScript.WaiterListViewTestScript" name="waiterListViewTest" time="0.058"/>
</testsuite> <!-- com.menumitratCommonAPITestScript.WaiterListViewTestScript -->
