<?xml version="1.0" encoding="UTF-8"?>
<!-- Generated by org.testng.reporters.JUnitReportReporter -->
<testsuite hostname="DESKTOP-MRVJBNT" failures="0" tests="1" name="com.menumitratCommonAPITestScript.GetVegOrNonVegList" time="0.042" errors="0" timestamp="8 Jun 2025 13:12:43 GMT">
  <testcase classname="com.menumitratCommonAPITestScript.GetVegOrNonVegList" name="verifyVegOrNonVegList" time="0.042"/>
</testsuite> <!-- com.menumitratCommonAPITestScript.GetVegOrNonVegList -->
