<?xml version="1.0" encoding="UTF-8"?>
<!-- Generated by org.testng.reporters.JUnitReportReporter -->
<testsuite hostname="DESKTOP-MRVJBNT" failures="0" tests="1" name="com.menumitratCommonAPITestScript.WaiterListViewTestScript" time="0.066" errors="0" timestamp="12 Jun 2025 06:25:33 GMT">
  <testcase classname="com.menumitratCommonAPITestScript.WaiterListViewTestScript" name="waiterListViewTest" time="0.066"/>
</testsuite> <!-- com.menumitratCommonAPITestScript.WaiterListViewTestScript -->
