<?xml version="1.0" encoding="UTF-8"?>
<!-- Generated by org.testng.reporters.JUnitReportReporter -->
<testsuite hostname="DESKTOP-MRVJBNT" failures="0" tests="1" name="com.menumitratCommonAPITestScript.StaffCreateTestScript" time="0.146" errors="0" timestamp="9 Jun 2025 08:40:51 GMT">
  <testcase classname="com.menumitratCommonAPITestScript.StaffCreateTestScript" name="createStaff" time="0.146"/>
</testsuite> <!-- com.menumitratCommonAPITestScript.StaffCreateTestScript -->
