<?xml version="1.0" encoding="UTF-8"?>
<!-- Generated by org.testng.reporters.JUnitReportReporter -->
<testsuite hostname="DESKTOP-MRVJBNT" failures="0" tests="1" name="com.menumitratCommonAPITestScript.StaffListViewTestScript" time="0.071" errors="0" timestamp="9 Jun 2025 10:51:19 GMT">
  <testcase classname="com.menumitratCommonAPITestScript.StaffListViewTestScript" name="staffListViewTest" time="0.071"/>
</testsuite> <!-- com.menumitratCommonAPITestScript.StaffListViewTestScript -->
