<?xml version="1.0" encoding="UTF-8"?>
<!-- Generated by org.testng.reporters.JUnitReportReporter -->
<testsuite hostname="DESKTOP-MRVJBNT" failures="0" tests="1" name="com.menumitratCommonAPITestScript.CaptainUpdateTestScript" time="0.081" errors="0" timestamp="11 Jun 2025 13:03:22 GMT">
  <testcase classname="com.menumitratCommonAPITestScript.CaptainUpdateTestScript" name="captainUpdateTest" time="0.081"/>
</testsuite> <!-- com.menumitratCommonAPITestScript.CaptainUpdateTestScript -->
