<?xml version="1.0" encoding="UTF-8"?>
<!-- Generated by org.testng.reporters.JUnitReportReporter -->
<testsuite hostname="DESKTOP-MRVJBNT" failures="0" tests="2" name="com.menumitratCommonAPITestScript.OutletSettingsViewTestScript" time="0.099" errors="0" timestamp="8 Jun 2025 13:12:43 GMT">
  <testcase classname="com.menumitratCommonAPITestScript.OutletSettingsViewTestScript" name="outletSettingsView" time="0.051"/>
  <testcase classname="com.menumitratCommonAPITestScript.OutletSettingsViewTestScript" name="outletSettingsViewNegativeTest" time="0.048"/>
</testsuite> <!-- com.menumitratCommonAPITestScript.OutletSettingsViewTestScript -->
