<?xml version="1.0" encoding="UTF-8"?>
<!-- Generated by org.testng.reporters.JUnitReportReporter -->
<testsuite hostname="DESKTOP-MRVJBNT" failures="0" tests="1" name="com.menumitratCommonAPITestScript.sectionCreateTestScript" time="0.075" errors="0" timestamp="12 Jun 2025 07:04:40 GMT">
  <testcase classname="com.menumitratCommonAPITestScript.sectionCreateTestScript" name="verifySectionUsingValidInputData" time="0.075"/>
</testsuite> <!-- com.menumitratCommonAPITestScript.sectionCreateTestScript -->
