<?xml version="1.0" encoding="UTF-8"?>
<!-- Generated by org.testng.reporters.JUnitReportReporter -->
<testsuite hostname="DESKTOP-MRVJBNT" failures="0" tests="1" name="com.menumitratCommonAPITestScript.UbacFuctionalityListViewTestScript" time="0.092" errors="0" timestamp="10 Jun 2025 10:10:26 GMT">
  <testcase classname="com.menumitratCommonAPITestScript.UbacFuctionalityListViewTestScript" name="ubacListViewTest" time="0.092"/>
</testsuite> <!-- com.menumitratCommonAPITestScript.UbacFuctionalityListViewTestScript -->
