<?xml version="1.0" encoding="UTF-8"?>
<!-- Generated by org.testng.reporters.JUnitReportReporter -->
<testsuite hostname="DESKTOP-MRVJBNT" failures="0" tests="3" name="com.menumitratCommonAPITestScript.orderListViewSetUp" time="2.962" errors="0" timestamp="8 Jun 2025 13:12:43 GMT">
  <testcase classname="com.menumitratCommonAPITestScript.orderListViewSetUp" name="orderListViewNegativeTest" time="0.083"/>
  <testcase classname="com.menumitratCommonAPITestScript.orderListViewSetUp" name="orderListViewNegativeTest" time="0.058"/>
  <testcase classname="com.menumitratCommonAPITestScript.orderListViewSetUp" name="orderListViewTest" time="2.821"/>
</testsuite> <!-- com.menumitratCommonAPITestScript.orderListViewSetUp -->
