<?xml version="1.0" encoding="UTF-8"?>
<!-- Generated by org.testng.reporters.JUnitReportReporter -->
<testsuite hostname="DESKTOP-MRVJBNT" failures="0" tests="1" name="com.menumitratCommonAPITestScript.SectionViewTestScript" time="0.065" errors="0" timestamp="12 Jun 2025 06:44:10 GMT">
  <testcase classname="com.menumitratCommonAPITestScript.SectionViewTestScript" name="verifySectionViewUsingValidInputData" time="0.065"/>
</testsuite> <!-- com.menumitratCommonAPITestScript.SectionViewTestScript -->
