<?xml version="1.0" encoding="UTF-8"?>
<!-- Generated by org.testng.reporters.JUnitReportReporter -->
<testsuite hostname="DESKTOP-MRVJBNT" failures="0" tests="1" name="com.menumitratCommonAPITestScript.UbacFuctionalityViewTestScript" time="0.127" errors="0" timestamp="10 Jun 2025 10:24:56 GMT">
  <testcase classname="com.menumitratCommonAPITestScript.UbacFuctionalityViewTestScript" name="ubacViewTest" time="0.127"/>
</testsuite> <!-- com.menumitratCommonAPITestScript.UbacFuctionalityViewTestScript -->
