<?xml version="1.0" encoding="UTF-8"?>
<!-- Generated by org.testng.reporters.JUnitReportReporter -->
<testsuite hostname="DESKTOP-MRVJBNT" failures="0" tests="1" name="com.menumitratCommonAPITestScript.InventoryViewTestScript" time="0.054" errors="0" timestamp="12 Jun 2025 11:20:06 GMT">
  <testcase classname="com.menumitratCommonAPITestScript.InventoryViewTestScript" name="verifyInventoryView" time="0.054"/>
</testsuite> <!-- com.menumitratCommonAPITestScript.InventoryViewTestScript -->
