<?xml version="1.0" encoding="UTF-8"?>
<!-- Generated by org.testng.reporters.JUnitReportReporter -->
<testsuite hostname="DESKTOP-MRVJBNT" failures="0" tests="1" name="com.menumitratCommonAPITestScript.WaiterCreateTestScript" time="0.220" errors="0" timestamp="10 Jun 2025 07:30:59 GMT">
  <testcase classname="com.menumitratCommonAPITestScript.WaiterCreateTestScript" name="verifyWaiterCreate" time="0.220"/>
</testsuite> <!-- com.menumitratCommonAPITestScript.WaiterCreateTestScript -->
