<?xml version="1.0" encoding="UTF-8"?>
<!-- Generated by org.testng.reporters.JUnitReportReporter -->
<testsuite hostname="DESKTOP-MRVJBNT" failures="0" tests="1" name="com.menumitratCommonAPITestScript.UdhariLedgerListTestScript" time="0.120" errors="0" timestamp="12 Jun 2025 11:20:06 GMT">
  <testcase classname="com.menumitratCommonAPITestScript.UdhariLedgerListTestScript" name="udhariLedgerListTest" time="0.120"/>
</testsuite> <!-- com.menumitratCommonAPITestScript.UdhariLedgerListTestScript -->
