<?xml version="1.0" encoding="UTF-8"?>
<!-- Generated by org.testng.reporters.JUnitReportReporter -->
<testsuite hostname="DESKTOP-MRVJBNT" failures="0" tests="1" name="com.menumitratCommonAPITestScript.CaptainListViewTestScript" time="0.087" errors="0" timestamp="12 Jun 2025 07:28:14 GMT">
  <testcase classname="com.menumitratCommonAPITestScript.CaptainListViewTestScript" name="captainListViewTest" time="0.087"/>
</testsuite> <!-- com.menumitratCommonAPITestScript.CaptainListViewTestScript -->
