<?xml version="1.0" encoding="UTF-8"?>
<!-- Generated by org.testng.reporters.JUnitReportReporter -->
<testsuite hostname="DESKTOP-MRVJBNT" failures="0" tests="1" name="com.menumitratCommonAPITestScript.StaffUpdateTestScript" time="0.103" errors="0" timestamp="9 Jun 2025 11:32:17 GMT">
  <testcase classname="com.menumitratCommonAPITestScript.StaffUpdateTestScript" name="updateStaff" time="0.103"/>
</testsuite> <!-- com.menumitratCommonAPITestScript.StaffUpdateTestScript -->
