<?xml version="1.0" encoding="UTF-8"?>
<!-- Generated by org.testng.reporters.JUnitReportReporter -->
<testsuite hostname="DESKTOP-MRVJBNT" failures="0" tests="1" name="com.menumitratCommonAPITestScript.TableListViewTestScript" time="1.624" errors="0" timestamp="9 Jun 2025 07:25:29 GMT">
  <testcase classname="com.menumitratCommonAPITestScript.TableListViewTestScript" name="verifyTableListView" time="1.624"/>
</testsuite> <!-- com.menumitratCommonAPITestScript.TableListViewTestScript -->
