<?xml version="1.0" encoding="UTF-8"?>
<!-- Generated by org.testng.reporters.JUnitReportReporter -->
<testsuite hostname="DESKTOP-MRVJBNT" failures="0" tests="1" name="com.menumitratCommonAPITestScript.TableListViewTestScript" time="1.476" errors="0" timestamp="9 Jun 2025 06:50:49 GMT">
  <testcase classname="com.menumitratCommonAPITestScript.TableListViewTestScript" name="verifyTableListView" time="1.476"/>
</testsuite> <!-- com.menumitratCommonAPITestScript.TableListViewTestScript -->
