<?xml version="1.0" encoding="UTF-8"?>
<!-- Generated by org.testng.reporters.JUnitReportReporter -->
<testsuite hostname="DESKTOP-MRVJBNT" failures="0" tests="1" name="com.menumitratCommonAPITestScript.TableListViewTestScript" time="1.157" errors="0" timestamp="8 Jun 2025 18:09:52 GMT">
  <testcase classname="com.menumitratCommonAPITestScript.TableListViewTestScript" name="verifyTableListView" time="1.157"/>
</testsuite> <!-- com.menumitratCommonAPITestScript.TableListViewTestScript -->
